[2017-10-10 15:54:13.304] [INFO] normal - 路由Common加载成功！
[2017-10-10 15:54:13.337] [INFO] normal - 路由Cuttools加载成功！
[2017-10-10 15:54:13.352] [INFO] normal - 路由Efficiencystatistics加载成功！
[2017-10-10 15:54:13.388] [INFO] normal - 路由EmployeePerformance加载成功！
[2017-10-10 15:54:13.434] [INFO] normal - 路由InferiorReasonReturn加载成功！
[2017-10-10 15:54:13.490] [INFO] normal - 路由MachineParameters加载成功！
[2017-10-10 15:54:13.508] [INFO] normal - 路由MachineStatus加载成功！
[2017-10-10 15:54:13.572] [INFO] normal - 路由Order加载成功！
[2017-10-10 15:54:13.584] [INFO] normal - 路由ProcessParameters加载成功！
[2017-10-10 15:54:13.896] [INFO] normal - 路由Report加载成功！
[2017-10-10 15:54:13.911] [INFO] normal - 路由Smart加载成功！
[2017-10-10 15:54:13.927] [INFO] normal - 路由Visual加载成功！
[2017-10-10 15:54:13.939] [INFO] normal - 路由YieldProcessingBeat加载成功！
[2017-10-10 15:54:52.789] [INFO] normal - 路由Common加载成功！
[2017-10-10 15:54:52.820] [INFO] normal - 路由Cuttools加载成功！
[2017-10-10 15:54:52.830] [INFO] normal - 路由Efficiencystatistics加载成功！
[2017-10-10 15:54:52.858] [INFO] normal - 路由EmployeePerformance加载成功！
[2017-10-10 15:54:52.884] [INFO] normal - 路由InferiorReasonReturn加载成功！
[2017-10-10 15:54:52.910] [INFO] normal - 路由MachineParameters加载成功！
[2017-10-10 15:54:52.925] [INFO] normal - 路由MachineStatus加载成功！
[2017-10-10 15:54:52.971] [INFO] normal - 路由Order加载成功！
[2017-10-10 15:54:52.986] [INFO] normal - 路由ProcessParameters加载成功！
[2017-10-10 15:54:53.175] [INFO] normal - 路由Report加载成功！
[2017-10-10 15:54:53.195] [INFO] normal - 路由Smart加载成功！
[2017-10-10 15:54:53.206] [INFO] normal - 路由Visual加载成功！
[2017-10-10 15:54:53.223] [INFO] normal - 路由YieldProcessingBeat加载成功！
[2017-10-10 15:55:14.825] [INFO] normal - 路由Common加载成功！
[2017-10-10 15:55:14.850] [INFO] normal - 路由Cuttools加载成功！
[2017-10-10 15:55:14.860] [INFO] normal - 路由Efficiencystatistics加载成功！
[2017-10-10 15:55:14.886] [INFO] normal - 路由EmployeePerformance加载成功！
[2017-10-10 15:55:14.906] [INFO] normal - 路由InferiorReasonReturn加载成功！
[2017-10-10 15:55:14.937] [INFO] normal - 路由MachineParameters加载成功！
[2017-10-10 15:55:14.963] [INFO] normal - 路由MachineStatus加载成功！
[2017-10-10 15:55:14.999] [INFO] normal - 路由Order加载成功！
[2017-10-10 15:55:15.015] [INFO] normal - 路由ProcessParameters加载成功！
[2017-10-10 15:55:15.189] [INFO] normal - 路由Report加载成功！
[2017-10-10 15:55:15.210] [INFO] normal - 路由Smart加载成功！
[2017-10-10 15:55:15.223] [INFO] normal - 路由Visual加载成功！
[2017-10-10 15:55:15.232] [INFO] normal - 路由YieldProcessingBeat加载成功！
[2017-10-10 15:56:53.438] [INFO] normal - 路由Common加载成功！
[2017-10-10 15:56:53.471] [INFO] normal - 路由Cuttools加载成功！
[2017-10-10 15:56:53.492] [INFO] normal - 路由Efficiencystatistics加载成功！
[2017-10-10 15:56:53.537] [INFO] normal - 路由EmployeePerformance加载成功！
[2017-10-10 15:56:53.590] [INFO] normal - 路由InferiorReasonReturn加载成功！
[2017-10-10 15:56:53.668] [INFO] normal - 路由MachineParameters加载成功！
[2017-10-10 15:56:53.684] [INFO] normal - 路由MachineStatus加载成功！
[2017-10-10 15:56:53.770] [INFO] normal - 路由Order加载成功！
[2017-10-10 15:56:53.781] [INFO] normal - 路由ProcessParameters加载成功！
[2017-10-10 15:56:54.058] [INFO] normal - 路由Report加载成功！
[2017-10-10 15:56:54.073] [INFO] normal - 路由Smart加载成功！
[2017-10-10 15:56:54.089] [INFO] normal - 路由Visual加载成功！
[2017-10-10 15:56:54.100] [INFO] normal - 路由YieldProcessingBeat加载成功！
[2017-11-29 08:52:15.563] [INFO] normal - 路由Common加载成功！
[2017-11-29 08:52:15.579] [INFO] normal - 路由Cuttools加载成功！
[2017-11-29 08:52:15.779] [INFO] normal - 路由Doument加载成功！
[2017-11-29 08:52:15.794] [INFO] normal - 路由Efficiencystatistics加载成功！
[2017-11-29 08:52:15.810] [INFO] normal - 路由EmployeePerformance加载成功！
[2017-11-29 08:52:15.826] [INFO] normal - 路由InferiorReasonReturn加载成功！
[2017-11-29 08:52:15.846] [INFO] normal - 路由MachineParameters加载成功！
[2017-11-29 08:52:15.864] [INFO] normal - 路由MachineStatus加载成功！
[2017-11-29 08:52:15.926] [INFO] normal - 路由Maintain加载成功！
[2017-11-29 08:52:16.203] [INFO] normal - 路由Message加载成功！
[2017-11-29 08:52:16.255] [INFO] normal - 路由Notice加载成功！
[2017-11-29 08:52:16.288] [INFO] normal - 路由Order加载成功！
[2017-11-29 08:52:16.289] [INFO] normal - 路由ProcessParameters加载成功！
[2017-11-29 08:52:16.411] [INFO] normal - 路由Report加载成功！
[2017-11-29 08:52:16.427] [INFO] normal - 路由Smart加载成功！
[2017-11-29 08:52:16.427] [INFO] normal - 路由Visual加载成功！
[2017-11-29 08:52:16.442] [INFO] normal - 路由YieldProcessingBeat加载成功！
[2017-11-29 08:52:16.442] [INFO] normal - 路由ZFJD加载成功！
[2017-11-29 10:29:02.453] [INFO] normal - 路由Common加载成功！
[2017-11-29 10:29:02.470] [INFO] normal - 路由Cuttools加载成功！
[2017-11-29 10:29:02.669] [INFO] normal - 路由Doument加载成功！
[2017-11-29 10:29:02.689] [INFO] normal - 路由Efficiencystatistics加载成功！
[2017-11-29 10:29:02.708] [INFO] normal - 路由EmployeePerformance加载成功！
[2017-11-29 10:29:02.728] [INFO] normal - 路由InferiorReasonReturn加载成功！
[2017-11-29 10:29:02.741] [INFO] normal - 路由MachineParameters加载成功！
[2017-11-29 10:29:02.748] [INFO] normal - 路由MachineStatus加载成功！
[2017-11-29 10:29:02.784] [INFO] normal - 路由Maintain加载成功！
[2017-11-29 10:29:02.805] [INFO] normal - 路由Measure加载成功！
[2017-11-29 10:29:03.052] [INFO] normal - 路由Message加载成功！
[2017-11-29 10:29:03.093] [INFO] normal - 路由Notice加载成功！
[2017-11-29 10:29:03.127] [INFO] normal - 路由Order加载成功！
[2017-11-29 10:29:03.135] [INFO] normal - 路由ProcessParameters加载成功！
[2017-11-29 10:29:03.158] [INFO] normal - 路由Quality加载成功！
[2017-11-29 10:29:03.296] [INFO] normal - 路由Report加载成功！
[2017-11-29 10:29:03.301] [INFO] normal - 路由Smart加载成功！
[2017-11-29 10:29:03.311] [INFO] normal - 路由Visual加载成功！
[2017-11-29 10:29:03.316] [INFO] normal - 路由YieldProcessingBeat加载成功！
[2017-11-29 10:29:03.327] [INFO] normal - 路由ZFJD加载成功！
